2025-10-27T04:45:44: 
> qa-chatbot-mvp@1.0.0 start
> next start -p 3010

2025-10-27T04:45:49: 
> qa-chatbot-mvp@1.0.0 start
> next start -p 3010

2025-10-27T04:58:41: 
> qa-chatbot-mvp@1.0.0 start
> next start -p 3010

2025-10-27T05:02:34: 
> qa-chatbot-mvp@1.0.0 start
> next start -p 3010

2025-10-27T05:02:35: 2025-10-27T05:02:35: 2025-10-27T05:02:35: 2025-10-27T05:02:35: 
> qa-chatbot-mvp@1.0.0 start
> next start -p 3010

2025-10-27T05:02:35: 2025-10-27T05:02:35: 2025-10-27T05:02:35: 2025-10-27T05:02:36: 
> qa-chatbot-mvp@1.0.0 start
> next start -p 3010

2025-10-27T05:02:36: 2025-10-27T05:02:36: 2025-10-27T05:02:36: 2025-10-27T05:02:37: 
> qa-chatbot-mvp@1.0.0 start
> next start -p 3010

2025-10-27T05:02:37: 2025-10-27T05:02:37: 2025-10-27T05:02:37: 2025-10-27T05:02:37: 
> qa-chatbot-mvp@1.0.0 start
> next start -p 3010

2025-10-27T05:02:38: 2025-10-27T05:02:38: 2025-10-27T05:02:38: 2025-10-27T05:02:38: 
> qa-chatbot-mvp@1.0.0 start
> next start -p 3010

2025-10-27T05:02:39: 2025-10-27T05:02:39: 2025-10-27T05:02:39: 2025-10-27T05:02:40: 
> qa-chatbot-mvp@1.0.0 start
> next start -p 3010

2025-10-27T05:02:40: 2025-10-27T05:02:40: 2025-10-27T05:02:40: 2025-10-27T05:02:41: 
> qa-chatbot-mvp@1.0.0 start
> next start -p 3010

2025-10-27T05:02:41: 2025-10-27T05:02:41: 2025-10-27T05:02:41: 2025-10-27T05:02:41: 
> qa-chatbot-mvp@1.0.0 start
> next start -p 3010

2025-10-27T05:02:42: 2025-10-27T05:02:42: 2025-10-27T05:02:42: 2025-10-27T05:02:42: 
> qa-chatbot-mvp@1.0.0 start
> next start -p 3010

2025-10-27T05:02:43: 2025-10-27T05:02:43: 2025-10-27T05:02:43: 2025-10-27T05:02:43: 
> qa-chatbot-mvp@1.0.0 start
> next start -p 3010

2025-10-27T05:02:43: 2025-10-27T05:02:43: 2025-10-27T05:02:43: 2025-10-27T05:02:44: 
> qa-chatbot-mvp@1.0.0 start
> next start -p 3010

2025-10-27T05:02:44: 2025-10-27T05:02:44: 2025-10-27T05:02:44: 2025-10-27T05:02:45: 
> qa-chatbot-mvp@1.0.0 start
> next start -p 3010

2025-10-27T05:02:45: 2025-10-27T05:02:45: 2025-10-27T05:02:45: 2025-10-27T05:02:46: 
> qa-chatbot-mvp@1.0.0 start
> next start -p 3010

2025-10-27T05:02:46: 2025-10-27T05:02:46: 2025-10-27T05:02:46: 2025-10-27T05:02:47: 
> qa-chatbot-mvp@1.0.0 start
> next start -p 3010

2025-10-27T05:02:47: 2025-10-27T05:02:47: 2025-10-27T05:02:47: 2025-10-27T05:02:47: 
> qa-chatbot-mvp@1.0.0 start
> next start -p 3010

2025-10-27T05:02:48: 2025-10-27T05:02:48: 2025-10-27T05:02:48: 2025-10-27T05:02:48: 
> qa-chatbot-mvp@1.0.0 start
> next start -p 3010

2025-10-27T05:02:49: 2025-10-27T05:02:49: 2025-10-27T05:02:49: 2025-10-27T05:02:49: 
> qa-chatbot-mvp@1.0.0 start
> next start -p 3010

2025-10-27T05:02:50: 2025-10-27T05:02:50: 2025-10-27T05:02:50: 